map0802/proguard-project.txt
# To enable ProGuard in your project, edit project.properties
# to define the proguard.config property as described in that file.
#
# Add project specific ProGuard rules here.
# By default, the flags in this file are appended to flags specified
# in ${sdk.dir}/tools/proguard/proguard-android.txt
# You can edit the include path and order by changing the ProGuard
# include property in project.properties.
#
# For more details, see
#   http://developer.android.com/guide/developing/tools/proguard.html

# Add any project specific keep options here:

# If your project uses WebView with JS, uncomment the following
# and specify the fully qualified class name to the JavaScript interface
# class:
#-keepclassmembers class fqcn.of.javascript.interface.for.webview {
#   public *;
#}
-optimizationpasses 5  
-dontusemixedcaseclassnames  
-dontskipnonpubliclibraryclasses  
-dontpreverify  
-verbose  
-optimizations !code/simplification/arithmetic,!field/*,!class/merging/*  
  
-keepattributes *Annotation*  
-keepattributes Signature  
  
-libraryjars libs/badgeview.jar
-libraryjars libs/IndoorscapeAlbumPlugin.jar
-libraryjars libs/android-support-v4.jar
-libraryjars libs/BaiduLBS_Android.jar
-libraryjars libs/locSDK_6.13.jar
-libraryjars libs/armeabi/libapp_BaiduPanoramaAppLib.so
-libraryjars libs/armeabi/libBaiduMapSDK_base_v3_7_3.so
-libraryjars libs/armeabi/libBaiduMapSDK_map_v3_7_3.so
-libraryjars libs/armeabi/libBaiduMapSDK_util_v3_7_3.so
-libraryjars libs/armeabi/liblocSDK6a.so

-dontwarn com.baidu.**
-keep class com.baidu.** { *; }   
-keep class vi.com.gdi.bgl.android.**{*;}
-keep class com.example.model.** { *; } 