map0802/proguard/seeds.txt
com.baidu.mapapi.map.BaiduMapOptions
com.baidu.mapapi.map.BaiduMapOptions: com.baidu.mapapi.map.MapStatus a
com.baidu.mapapi.map.BaiduMapOptions: boolean b
com.baidu.mapapi.map.BaiduMapOptions: int c
com.baidu.mapapi.map.BaiduMapOptions: boolean d
com.baidu.mapapi.map.BaiduMapOptions: boolean e
com.baidu.mapapi.map.BaiduMapOptions: boolean f
com.baidu.mapapi.map.BaiduMapOptions: boolean g
com.baidu.mapapi.map.BaiduMapOptions: boolean h
com.baidu.mapapi.map.BaiduMapOptions: boolean i
com.baidu.mapapi.map.BaiduMapOptions: com.baidu.mapapi.map.LogoPosition j
com.baidu.mapapi.map.BaiduMapOptions: android.graphics.Point k
com.baidu.mapapi.map.BaiduMapOptions: android.graphics.Point l
com.baidu.mapapi.map.BaiduMapOptions: android.os.Parcelable$Creator CREATOR
com.baidu.mapapi.map.BaiduMapOptions: BaiduMapOptions()
com.baidu.mapapi.map.BaiduMapOptions: BaiduMapOptions(android.os.Parcel)
com.baidu.mapapi.map.BaiduMapOptions: com.baidu.mapapi.map.BaiduMapOptions mapStatus(com.baidu.mapapi.map.MapStatus)
com.baidu.mapapi.map.BaiduMapOptions: com.baidu.mapapi.map.BaiduMapOptions compassEnabled(boolean)
com.baidu.mapapi.map.BaiduMapOptions: com.baidu.mapapi.map.BaiduMapOptions mapType(int)
com.baidu.mapapi.map.BaiduMapOptions: com.baidu.mapapi.map.BaiduMapOptions rotateGesturesEnabled(boolean)
com.baidu.mapapi.map.BaiduMapOptions: com.baidu.mapapi.map.BaiduMapOptions scrollGesturesEnabled(boolean)
com.baidu.mapapi.map.BitmapDescriptor
com.baidu.mapapi.map.BitmapDescriptor: android.graphics.Bitmap a
com.baidu.mapapi.map.BitmapDescriptor: android.os.Bundle b
com.baidu.mapapi.map.BitmapDescriptor: BitmapDescriptor(android.graphics.Bitmap)
com.baidu.mapapi.map.BitmapDescriptor: android.graphics.Bitmap getBitmap()
com.baidu.mapapi.map.BitmapDescriptor: android.graphics.Bitmap a(android.graphics.Bitmap,int,int)
com.baidu.mapapi.map.BitmapDescriptor: byte[] a()
com.baidu.mapapi.map.BitmapDescriptor: android.os.Bundle b()
com.baidu.mapapi.map.BitmapDescriptor: void recycle()
com.baidu.mapapi.map.BitmapDescriptorFactory
com.baidu.mapapi.map.BitmapDescriptorFactory: BitmapDescriptorFactory()
com.baidu.mapapi.map.BitmapDescriptorFactory: com.baidu.mapapi.map.BitmapDescriptor fromAsset(java.lang.String)
com.baidu.mapapi.map.BitmapDescriptorFactory: com.baidu.mapapi.map.BitmapDescriptor fromAssetWithDpi(java.lang.String)
com.baidu.mapapi.map.BitmapDescriptorFactory: com.baidu.mapapi.map.BitmapDescriptor fromBitmap(android.graphics.Bitmap)
com.baidu.mapapi.map.BitmapDescriptorFactory: com.baidu.mapapi.map.BitmapDescriptor fromFile(java.lang.String)
com.baidu.mapapi.map.BitmapDescriptorFactory: com.baidu.mapapi.map.BitmapDescriptor fromPath(java.lang.String)
com.baidu.mapapi.map.BitmapDescriptorFactory: com.baidu.mapapi.map.BitmapDescriptor fromResource(int)
com.baidu.mapapi.map.BitmapDescriptorFactory: com.baidu.mapapi.map.BitmapDescriptor fromView(android.view.View)
com.baidu.mapapi.map.Circle
com.baidu.mapapi.map.Circle: com.baidu.mapapi.model.LatLng a
com.baidu.mapapi.map.Circle: int b
com.baidu.mapapi.map.Circle: int c
com.baidu.mapapi.map.Circle: com.baidu.mapapi.map.Stroke d
com.baidu.mapapi.map.Circle: Circle()
com.baidu.mapapi.map.Circle: com.baidu.mapapi.model.LatLng getCenter()
com.baidu.mapapi.map.Circle: int getFillColor()
com.baidu.mapapi.map.Circle: int getRadius()
com.baidu.mapapi.map.Circle: com.baidu.mapapi.map.Stroke getStroke()
com.baidu.mapapi.map.Circle: void setCenter(com.baidu.mapapi.model.LatLng)
com.baidu.mapapi.map.Circle: void setFillColor(int)
com.baidu.mapapi.map.Circle: void setRadius(int)
com.baidu.mapapi.map.Circle: void setStroke(com.baidu.mapapi.map.Stroke)
com.baidu.mapapi.map.Circle: android.os.Bundle a(android.os.Bundle)