map0802/proguard/mapping.txt
com.baidu.mapapi.model.LatLng -> com.baidu.mapapi.model.LatLng:
    java.lang.String a -> a
    double latitude -> latitude
    double longitude -> longitude
    double latitudeE6 -> latitudeE6
    double longitudeE6 -> longitudeE6
    android.os.Parcelable$Creator CREATOR -> CREATOR
    java.lang.String toString() -> toString
    int describeContents() -> describeContents
    void writeToParcel(android.os.Parcel,int) -> writeToParcel
com.baidu.mapapi.model.LatLngBounds -> com.baidu.mapapi.model.LatLngBounds:
    com.baidu.mapapi.model.LatLng northeast -> northeast
    com.baidu.mapapi.model.LatLng southwest -> southwest
    android.os.Parcelable$Creator CREATOR -> CREATOR
    boolean contains(com.baidu.mapapi.model.LatLng) -> contains
    com.baidu.mapapi.model.LatLng getCenter() -> getCenter
    int describeContents() -> describeContents
    void writeToParcel(android.os.Parcel,int) -> writeToParcel
    java.lang.String toString() -> toString
com.baidu.mapapi.model.LatLngBounds$Builder -> com.baidu.mapapi.model.LatLngBounds$Builder:
    double a -> a
    double b -> b
    double c -> c
    double d -> d
    boolean e -> e
    com.baidu.mapapi.model.LatLngBounds build() -> build
    com.baidu.mapapi.model.LatLngBounds$Builder include(com.baidu.mapapi.model.LatLng) -> include
com.baidu.mapapi.model.ParcelItem -> com.baidu.mapapi.model.ParcelItem:
    android.os.Bundle a -> a
    android.os.Parcelable$Creator CREATOR -> CREATOR
    void setBundle(android.os.Bundle) -> setBundle
    android.os.Bundle getBundle() -> getBundle
    void writeToParcel(android.os.Parcel,int) -> writeToParcel
    int describeContents() -> describeContents
com.baidu.mapapi.model.a -> com.baidu.mapapi.model.a:
    com.baidu.mapapi.model.LatLng a(android.os.Parcel) -> a
    com.baidu.mapapi.model.LatLng[] a(int) -> a
    java.lang.Object[] newArray(int) -> newArray
    java.lang.Object createFromParcel(android.os.Parcel) -> createFromParcel
com.baidu.mapapi.model.b -> com.baidu.mapapi.model.b:
    com.baidu.mapapi.model.LatLngBounds a(android.os.Parcel) -> a
    com.baidu.mapapi.model.LatLngBounds[] a(int) -> a
    java.lang.Object[] newArray(int) -> newArray
    java.lang.Object createFromParcel(android.os.Parcel) -> createFromParcel
com.baidu.mapapi.model.c -> com.baidu.mapapi.model.c:
    com.baidu.mapapi.model.ParcelItem a(android.os.Parcel) -> a
    com.baidu.mapapi.model.ParcelItem[] a(int) -> a
    java.lang.Object[] newArray(int) -> newArray
    java.lang.Object createFromParcel(android.os.Parcel) -> createFromParcel
com.baidu.mapapi.model.inner.GeoPoint -> com.baidu.mapapi.model.inner.GeoPoint:
    double a -> a
    double b -> b
    double getLatitudeE6() -> getLatitudeE6
    double getLongitudeE6() -> getLongitudeE6
    void setLatitudeE6(double) -> setLatitudeE6
    void setLongitudeE6(double) -> setLongitudeE6
    java.lang.String toString() -> toString
    boolean equals(java.lang.Object) -> equals
com.baidu.mapapi.model.inner.MapBound -> com.baidu.mapapi.model.inner.MapBound:
    com.baidu.mapapi.model.inner.Point ptLB -> ptLB
    com.baidu.mapapi.model.inner.Point ptRT -> ptRT
    com.baidu.mapapi.model.inner.Point getPtLB() -> getPtLB
    void setPtLB(com.baidu.mapapi.model.inner.Point) -> setPtLB
    com.baidu.mapapi.model.inner.Point getPtRT() -> getPtRT
    void setPtRT(com.baidu.mapapi.model.inner.Point) -> setPtRT
com.baidu.mapapi.model.inner.Point -> com.baidu.mapapi.model.inner.Point:
    int x -> x
    int y -> y
    int getmPtx() -> getmPtx
    void setmPtx(int) -> setmPtx
    int getmPty() -> getmPty
    void setmPty(int) -> setmPty
    java.lang.String toString() -> toString
    int hashCode() -> hashCode
    boolean equals(java.lang.Object) -> equals
com.baidu.mapapi.model.inner.a -> com.baidu.mapapi.model.inner.a:
    int a -> a
    com.baidu.mapapi.model.inner.Point b -> b
    com.baidu.mapapi.model.inner.Point c -> c
    java.util.ArrayList d -> d